{
  "RSpec": {
    "coverage": {
      "/Users/Student/Desktop/Tristan_Makers/week10/bank_tech_test_ruby/spec/account_activity_spec.rb": {
        "lines": [
          1,
          1,
          null,
          1,
          null,
          4,
          null,
          1,
          3,
          null,
          null,
          1,
          1,
          null,
          null,
          1,
          1,
          null,
          null,
          1,
          1,
          null,
          null,
          null
        ]
      },
      "/Users/Student/Desktop/Tristan_Makers/week10/bank_tech_test_ruby/lib/account_activity.rb": {
        "lines": [
          1,
          null,
          1,
          null,
          1,
          3,
          3,
          3,
          null,
          null,
          1,
          null,
          1,
          3,
          null,
          null,
          null
        ]
      },
      "/Users/Student/Desktop/Tristan_Makers/week10/bank_tech_test_ruby/spec/account_spec.rb": {
        "lines": [
          1,
          null,
          1,
          null,
          8,
          8,
          8,
          null,
          8,
          null,
          1,
          1,
          null,
          null,
          1,
          1,
          null,
          null,
          1,
          1,
          1,
          null,
          null,
          1,
          1,
          1,
          null,
          null,
          1,
          1,
          1,
          null,
          null,
          1,
          1,
          1,
          null,
          null,
          1,
          1,
          1,
          null,
          null,
          null
        ]
      },
      "/Users/Student/Desktop/Tristan_Makers/week10/bank_tech_test_ruby/lib/account.rb": {
        "lines": [
          1,
          1,
          null,
          1,
          null,
          1,
          null,
          1,
          null,
          1,
          7,
          7,
          7,
          7,
          null,
          null,
          1,
          2,
          2,
          null,
          null,
          1,
          2,
          2,
          null,
          null,
          1,
          1,
          1,
          null,
          null,
          null
        ]
      },
      "/Users/Student/Desktop/Tristan_Makers/week10/bank_tech_test_ruby/lib/print_statement.rb": {
        "lines": [
          1,
          null,
          1,
          null,
          1,
          6,
          6,
          null,
          null,
          1,
          1,
          1,
          null,
          null,
          1,
          5,
          null,
          null,
          1,
          3,
          null,
          null,
          1,
          8,
          null,
          null,
          1,
          null,
          1,
          18,
          null,
          null,
          1,
          16,
          null,
          null,
          null
        ]
      },
      "/Users/Student/Desktop/Tristan_Makers/week10/bank_tech_test_ruby/spec/print_statement_spec.rb": {
        "lines": [
          1,
          null,
          1,
          null,
          7,
          7,
          7,
          null,
          7,
          null,
          1,
          1,
          null,
          null,
          1,
          1,
          null,
          null,
          1,
          1,
          null,
          null,
          1,
          1,
          null,
          null,
          1,
          1,
          null,
          null,
          null,
          null,
          1,
          1,
          null,
          null,
          1,
          1,
          2,
          null,
          null,
          null
        ]
      }
    },
    "timestamp": 1591830000
  }
}
