{
  "RSpec": {
    "coverage": {
      "/Users/Student/Desktop/Tristan_Makers/week10/bank_tech_test_ruby/spec/account_activity_spec.rb": {
        "lines": [
          1,
          null,
          1,
          null,
          2,
          null,
          1,
          1,
          null,
          null,
          null
        ]
      },
      "/Users/Student/Desktop/Tristan_Makers/week10/bank_tech_test_ruby/lib/account_activity.rb": {
        "lines": [
          1,
          null,
          1,
          null,
          1,
          1,
          null,
          null,
          null
        ]
      },
      "/Users/Student/Desktop/Tristan_Makers/week10/bank_tech_test_ruby/spec/account_spec.rb": {
        "lines": [
          1,
          null,
          1,
          null,
          7,
          null,
          1,
          1,
          null,
          null,
          1,
          1,
          null,
          null,
          1,
          1,
          1,
          null,
          null,
          1,
          1,
          1,
          null,
          null,
          1,
          1,
          1,
          null,
          null,
          1,
          1,
          1,
          null,
          null,
          null
        ]
      },
      "/Users/Student/Desktop/Tristan_Makers/week10/bank_tech_test_ruby/lib/account.rb": {
        "lines": [
          1,
          null,
          1,
          null,
          1,
          null,
          1,
          6,
          6,
          null,
          null,
          1,
          2,
          2,
          null,
          null,
          1,
          2,
          2,
          null,
          null,
          null
        ]
      }
    },
    "timestamp": 1596620236
  }
}
